<?xml version="1.0" encoding="UTF-8"?>
<!-- Generated by org.testng.reporters.JUnitReportReporter -->
<testsuite skipped="0" hostname="DESKTOP-I3TGTRS" name="Basic.Demo" tests="2" failures="0" timestamp="2020-04-02T10:13:17 IST" time="0.021" errors="0">
  <testcase name="main" time="0.013" classname="Basic.Demo"/>
  <testcase name="m" time="0.008" classname="Basic.Demo"/>
</testsuite> <!-- Basic.Demo -->
