<?xml version="1.0" encoding="UTF-8"?>
<!-- Generated by org.testng.reporters.JUnitReportReporter -->
<testsuite skipped="0" hostname="DESKTOP-I3TGTRS" name="Basic.TC__01" tests="1" failures="0" timestamp="2020-03-29T22:31:09 IST" time="0.010" errors="0">
  <testcase name="main" time="0.010" classname="Basic.TC__01"/>
</testsuite> <!-- Basic.TC__01 -->
